<?xml version="1.0" encoding="UTF-8"?>
<!-- Generated by org.testng.reporters.JUnitXMLReporter -->
<testsuite hostname="DESKTOP-UPSQUGU" ignored="0" name="Default test" tests="4" failures="0" timestamp="2021-04-11T03:46:05 ICT" time="7.872" errors="0">
  <testcase name="testRegisterAPI" time="3.549" classname="com.jakartalabs.fullstack_answer.TestAPI"/>
  <testcase name="testChangeCurrencyAPI" time="1.56" classname="com.jakartalabs.fullstack_answer.TestAPI"/>
  <testcase name="testCheckProfileAPI" time="1.394" classname="com.jakartalabs.fullstack_answer.TestAPI"/>
  <testcase name="testLogoutAPI" time="1.325" classname="com.jakartalabs.fullstack_answer.TestAPI"/>
</testsuite> <!-- Default test -->
