<?xml version="1.0" encoding="UTF-8"?>
<testsuite xmlns:xsi="http://www.w3.org/2001/XMLSchema-instance" xsi:noNamespaceSchemaLocation="https://maven.apache.org/surefire/maven-surefire-plugin/xsd/surefire-test-report.xsd" name="TestSuite" time="13.462" tests="11" errors="0" skipped="1" failures="5">
  <properties>
[...]
</properties>
  <testcase name="testRegisterAPI" classname="com.jakartalabs.fullstack_answer.TestAPI" time="3.021">
    <failure message="expected [true] but found [false]" type="java.lang.AssertionError">java.lang.AssertionError: expected [true] but found [false]
	at com.jakartalabs.fullstack_answer.TestAPI.testRegisterAPI(TestAPI.java:23)
</failure>
    <system-out><![CDATA[Configuring TestNG with: TestNG60Configurator
Request method:	POST
Request URI:	https://api-staging-builder.engineer.ai/users
Proxy:			<none>
Request params:	<none>
Query params:	<none>
Form params:	<none>
Path params:	<none>
Headers:		Accept=*/*
				Content-Type=application/json; charset=UTF-8
Cookies:		<none>
Multiparts:		<none>
Body:
{
    "user": {
        "first_name": "Test",
        "last_name": "",
        "email": "test210416@gmail.com",
        "password": "test123",
        "phone_number": "+62-81260012345",
        "user_type": "User",
        "organisation": ""
    }
}
io.restassured.internal.RestAssuredResponseImpl@47d93e0d
]]></system-out>
  </testcase>
  <testcase name="testChangeCurrencyAPI" classname="com.jakartalabs.fullstack_answer.TestAPI" time="1.29">
    <failure message="expected [true] but found [false]" type="java.lang.AssertionError">java.lang.AssertionError: expected [true] but found [false]
	at com.jakartalabs.fullstack_answer.TestAPI.testChangeCurrencyAPI(TestAPI.java:35)
</failure>
    <system-out><![CDATA[Request method:	PUT
Request URI:	https://api-staging-builder.engineer.ai/users
Proxy:			<none>
Request params:	<none>
Query params:	<none>
Form params:	user[currency_id]=2
Path params:	<none>
Headers:		authtoken=token not found
				Accept=*/*
				Content-Type=application/x-www-form-urlencoded; charset=ISO-8859-1
Cookies:		<none>
Multiparts:		<none>
Body:			<none>
io.restassured.internal.RestAssuredResponseImpl@5a772895
]]></system-out>
  </testcase>
  <testcase name="testCheckSettingAPI" classname="com.jakartalabs.fullstack_answer.TestAPI" time="0"/>
  <testcase name="testLogoutAPI" classname="com.jakartalabs.fullstack_answer.TestAPI" time="1.274">
    <failure message="expected [true] but found [false]" type="java.lang.AssertionError">java.lang.AssertionError: expected [true] but found [false]
	at com.jakartalabs.fullstack_answer.TestAPI.testLogoutAPI(TestAPI.java:52)
</failure>
    <system-out><![CDATA[Request method:	DELETE
Request URI:	https://api-staging-builder.engineer.ai/users/sign_out?authtoken=token%20not%20found
Proxy:			<none>
Request params:	<none>
Query params:	authtoken=token not found
Form params:	<none>
Path params:	<none>
Headers:		Accept=*/*
				Content-Type=application/json; charset=UTF-8
Cookies:		<none>
Multiparts:		<none>
Body:			<none>
io.restassured.internal.RestAssuredResponseImpl@328572f0
]]></system-out>
  </testcase>
  <testcase name="test2" classname="com.jakartalabs.fullstack_answer.TestNGExamples" time="0"/>
  <testcase name="test2a" classname="com.jakartalabs.fullstack_answer.TestNGExamples" time="0"/>
  <testcase name="test2b" classname="com.jakartalabs.fullstack_answer.TestNGExamples" time="0"/>
  <testcase name="test1" classname="com.jakartalabs.fullstack_answer.TestNGExamples" time="0"/>
  <testcase name="setupSystemUnderTest" classname="com.jakartalabs.fullstack_answer.TestUI" time="6.396">
    <failure message="Could not start a new session. Possible causes are invalid address of the remote server or browser start-up failure.&#10;Build info: version: &apos;4.0.0-alpha-7&apos;, revision: &apos;de8579b6d5&apos;&#10;System info: host: &apos;DESKTOP-UPSQUGU&apos;, ip: &apos;192.168.100.26&apos;, os.name: &apos;Windows 10&apos;, os.arch: &apos;amd64&apos;, os.version: &apos;10.0&apos;, java.version: &apos;1.8.0_281&apos;&#10;Driver info: driver.version: RemoteWebDriver" type="org.openqa.selenium.remote.UnreachableBrowserException">org.openqa.selenium.remote.UnreachableBrowserException: 
Could not start a new session. Possible causes are invalid address of the remote server or browser start-up failure.
Build info: version: '4.0.0-alpha-7', revision: 'de8579b6d5'
System info: host: 'DESKTOP-UPSQUGU', ip: '192.168.100.26', os.name: 'Windows 10', os.arch: 'amd64', os.version: '10.0', java.version: '1.8.0_281'
Driver info: driver.version: RemoteWebDriver
Caused by: java.io.UncheckedIOException: java.net.ConnectException: connection timed out: /3.142.218.214:4444
Caused by: java.net.ConnectException: connection timed out: /3.142.218.214:4444
Caused by: io.netty.channel.ConnectTimeoutException: connection timed out: /3.142.218.214:4444
</failure>
    <system-err><![CDATA[SLF4J: Failed to load class "org.slf4j.impl.StaticLoggerBinder".
SLF4J: Defaulting to no-operation (NOP) logger implementation
SLF4J: See http://www.slf4j.org/codes.html#StaticLoggerBinder for further details.
]]></system-err>
  </testcase>
  <testcase name="login" classname="com.jakartalabs.fullstack_answer.TestUI" time="0">
    <skipped message="Could not start a new session. Possible causes are invalid address of the remote server or browser start-up failure.&#10;Build info: version: &apos;4.0.0-alpha-7&apos;, revision: &apos;de8579b6d5&apos;&#10;System info: host: &apos;DESKTOP-UPSQUGU&apos;, ip: &apos;192.168.100.26&apos;, os.name: &apos;Windows 10&apos;, os.arch: &apos;amd64&apos;, os.version: &apos;10.0&apos;, java.version: &apos;1.8.0_281&apos;&#10;Driver info: driver.version: RemoteWebDriver"/>
  </testcase>
  <testcase name="cleanup" classname="com.jakartalabs.fullstack_answer.TestUI" time="0.002">
    <failure type="java.lang.NullPointerException">java.lang.NullPointerException
</failure>
  </testcase>
</testsuite>